0 info it worked if it ends with ok
1 verbose cli [ '/usr/local/bin/node', '/usr/local/bin/npm', 'run', 'test' ]
2 info using npm@3.9.3
3 info using node@v6.2.1
4 verbose run-script [ 'pretest', 'test', 'posttest' ]
5 info lifecycle washt.github.io@1.0.0~pretest: washt.github.io@1.0.0
6 silly lifecycle washt.github.io@1.0.0~pretest: no script for pretest, continuing
7 info lifecycle washt.github.io@1.0.0~test: washt.github.io@1.0.0
8 verbose lifecycle washt.github.io@1.0.0~test: unsafe-perm in lifecycle true
9 verbose lifecycle washt.github.io@1.0.0~test: PATH: /usr/local/lib/node_modules/npm/bin/node-gyp-bin:/home/twash/api.washt.xyz/node_modules/.bin:/usr/local/bin:/home/twash/.gvm/bin:/home/twash/.dnx/runtimes/dnx-mono.1.0.0-beta8/bin:/home/twash/.dnx/bin:~/.cabal/bin:/opt/cabal/1.20/bin:/opt/ghc/7.8.4/bin:/home/twash/.rvm/gems/ruby-2.2.1/bin:/home/twash/.rvm/gems/ruby-2.2.1@global/bin:/home/twash/.rvm/rubies/ruby-2.2.1/bin:/home/twash/bin:/usr/local/sbin:/usr/local/bin:/usr/sbin:/usr/bin:/sbin:/bin:/usr/games:/usr/local/games:/home/twash/.rvm/bin:/home/twash/bin/rewind:/home/twash/.rvm/bin:/home/twash/.fzf/bin
10 verbose lifecycle washt.github.io@1.0.0~test: CWD: /home/twash/api.washt.xyz
11 silly lifecycle washt.github.io@1.0.0~test: Args: [ '-c', 'echo "Error: no test specified" && exit 1' ]
12 silly lifecycle washt.github.io@1.0.0~test: Returned: code: 1  signal: null
13 info lifecycle washt.github.io@1.0.0~test: Failed to exec test script
14 verbose stack Error: washt.github.io@1.0.0 test: `echo "Error: no test specified" && exit 1`
14 verbose stack Exit status 1
14 verbose stack     at EventEmitter.<anonymous> (/usr/local/lib/node_modules/npm/lib/utils/lifecycle.js:245:16)
14 verbose stack     at emitTwo (events.js:106:13)
14 verbose stack     at EventEmitter.emit (events.js:191:7)
14 verbose stack     at ChildProcess.<anonymous> (/usr/local/lib/node_modules/npm/lib/utils/spawn.js:24:14)
14 verbose stack     at emitTwo (events.js:106:13)
14 verbose stack     at ChildProcess.emit (events.js:191:7)
14 verbose stack     at maybeClose (internal/child_process.js:852:16)
14 verbose stack     at Process.ChildProcess._handle.onexit (internal/child_process.js:215:5)
15 verbose pkgid washt.github.io@1.0.0
16 verbose cwd /home/twash/api.washt.xyz
17 error Linux 3.16.0-76-generic
18 error argv "/usr/local/bin/node" "/usr/local/bin/npm" "run" "test"
19 error node v6.2.1
20 error npm  v3.9.3
21 error code ELIFECYCLE
22 error washt.github.io@1.0.0 test: `echo "Error: no test specified" && exit 1`
22 error Exit status 1
23 error Failed at the washt.github.io@1.0.0 test script 'echo "Error: no test specified" && exit 1'.
23 error Make sure you have the latest version of node.js and npm installed.
23 error If you do, this is most likely a problem with the washt.github.io package,
23 error not with npm itself.
23 error Tell the author that this fails on your system:
23 error     echo "Error: no test specified" && exit 1
23 error You can get information on how to open an issue for this project with:
23 error     npm bugs washt.github.io
23 error Or if that isn't available, you can get their info via:
23 error     npm owner ls washt.github.io
23 error There is likely additional logging output above.
24 verbose exit [ 1, true ]
